{"/home/christian/SkoreFlow_Project/SkoreFlow/testauto/backend/config.ts": {"path":"/home/christian/SkoreFlow_Project/SkoreFlow/testauto/backend/config.ts","statementMap":{"0":{"start":{"line":2,"column":27},"end":{"line":2,"column":null}},"1":{"start":{"line":3,"column":24},"end":{"line":3,"column":null}},"2":{"start":{"line":4,"column":23},"end":{"line":4,"column":null}}},"fnMap":{},"branchMap":{},"s":{"0":1,"1":1,"2":1},"f":{},"b":{},"meta":{"lastBranch":0,"lastFunction":0,"lastStatement":3,"seen":{"s:2:27:2:Infinity":0,"s:3:24:3:Infinity":1,"s:4:23:4:Infinity":2},"fnNames":{}}}
,"/home/christian/SkoreFlow_Project/SkoreFlow/testauto/backend/helpers/api.ts": {"path":"/home/christian/SkoreFlow_Project/SkoreFlow/testauto/backend/helpers/api.ts","statementMap":{"0":{"start":{"line":141,"column":2},"end":{"line":173,"column":null}},"1":{"start":{"line":143,"column":16},"end":{"line":152,"column":null}},"2":{"start":{"line":155,"column":4},"end":{"line":158,"column":null}},"3":{"start":{"line":160,"column":4},"end":{"line":171,"column":null}},"4":{"start":{"line":162,"column":40},"end":{"line":165,"column":null}},"5":{"start":{"line":167,"column":6},"end":{"line":170,"column":null}},"6":{"start":{"line":172,"column":4},"end":{"line":172,"column":null}}},"fnMap":{"0":{"name":"request","decl":{"start":{"line":136,"column":15},"end":{"line":136,"column":null}},"loc":{"start":{"line":140,"column":28},"end":{"line":174,"column":null}},"line":140}},"branchMap":{"0":{"loc":{"start":{"line":139,"column":2},"end":{"line":139,"column":null}},"type":"default-arg","locations":[{"start":{"line":139,"column":45},"end":{"line":139,"column":null}}],"line":139},"1":{"loc":{"start":{"line":149,"column":12},"end":{"line":149,"column":null}},"type":"cond-expr","locations":[{"start":{"line":149,"column":20},"end":{"line":149,"column":59}},{"start":{"line":149,"column":59},"end":{"line":149,"column":null}}],"line":149},"2":{"loc":{"start":{"line":150,"column":12},"end":{"line":150,"column":null}},"type":"binary-expr","locations":[{"start":{"line":150,"column":12},"end":{"line":150,"column":23}},{"start":{"line":150,"column":23},"end":{"line":150,"column":null}}],"line":150},"3":{"loc":{"start":{"line":160,"column":4},"end":{"line":171,"column":null}},"type":"if","locations":[{"start":{"line":160,"column":4},"end":{"line":171,"column":null}},{"start":{},"end":{}}],"line":160},"4":{"loc":{"start":{"line":162,"column":40},"end":{"line":165,"column":null}},"type":"binary-expr","locations":[{"start":{"line":162,"column":40},"end":{"line":162,"column":62}},{"start":{"line":162,"column":62},"end":{"line":165,"column":null}}],"line":162},"5":{"loc":{"start":{"line":164,"column":26},"end":{"line":164,"column":65}},"type":"binary-expr","locations":[{"start":{"line":164,"column":26},"end":{"line":164,"column":41}},{"start":{"line":164,"column":41},"end":{"line":164,"column":65}}],"line":164},"6":{"loc":{"start":{"line":168,"column":16},"end":{"line":168,"column":null}},"type":"binary-expr","locations":[{"start":{"line":168,"column":16},"end":{"line":168,"column":40}},{"start":{"line":168,"column":40},"end":{"line":168,"column":null}}],"line":168}},"s":{"0":11,"1":11,"2":11,"3":0,"4":0,"5":0,"6":0},"f":{"0":11},"b":{"0":[11],"1":[6,5],"2":[11,10],"3":[0,0],"4":[0,0],"5":[0,0],"6":[0,0]},"meta":{"lastBranch":7,"lastFunction":1,"lastStatement":7,"seen":{"f:136:15:136:Infinity":0,"b:139:45:139:Infinity":0,"s:141:2:173:Infinity":0,"s:143:16:152:Infinity":1,"b:149:20:149:59:149:59:149:Infinity":1,"b:150:12:150:23:150:23:150:Infinity":2,"s:155:4:158:Infinity":2,"b:160:4:171:Infinity:undefined:undefined:undefined:undefined":3,"s:160:4:171:Infinity":3,"s:162:40:165:Infinity":4,"b:162:40:162:62:162:62:165:Infinity":4,"b:164:26:164:41:164:41:164:65":5,"s:167:6:170:Infinity":5,"b:168:16:168:40:168:40:168:Infinity":6,"s:172:4:172:Infinity":6},"fnNames":{}}}
,"/home/christian/SkoreFlow_Project/SkoreFlow/testauto/backend/helpers/auth.ts": {"path":"/home/christian/SkoreFlow_Project/SkoreFlow/testauto/backend/helpers/auth.ts","statementMap":{"0":{"start":{"line":59,"column":14},"end":{"line":64,"column":null}},"1":{"start":{"line":66,"column":2},"end":{"line":66,"column":null}},"2":{"start":{"line":67,"column":2},"end":{"line":67,"column":null}},"3":{"start":{"line":76,"column":14},"end":{"line":76,"column":null}},"4":{"start":{"line":78,"column":2},"end":{"line":78,"column":null}},"5":{"start":{"line":86,"column":2},"end":{"line":88,"column":null}},"6":{"start":{"line":87,"column":4},"end":{"line":87,"column":null}},"7":{"start":{"line":90,"column":14},"end":{"line":92,"column":null}},"8":{"start":{"line":94,"column":2},"end":{"line":94,"column":null}},"9":{"start":{"line":96,"column":2},"end":{"line":96,"column":null}},"10":{"start":{"line":103,"column":14},"end":{"line":109,"column":null}},"11":{"start":{"line":111,"column":2},"end":{"line":111,"column":null}},"12":{"start":{"line":113,"column":2},"end":{"line":113,"column":null}},"13":{"start":{"line":120,"column":14},"end":{"line":122,"column":null}},"14":{"start":{"line":124,"column":2},"end":{"line":124,"column":null}},"15":{"start":{"line":126,"column":2},"end":{"line":126,"column":null}},"16":{"start":{"line":133,"column":14},"end":{"line":136,"column":null}},"17":{"start":{"line":138,"column":2},"end":{"line":138,"column":null}},"18":{"start":{"line":140,"column":2},"end":{"line":140,"column":null}},"19":{"start":{"line":147,"column":14},"end":{"line":149,"column":null}},"20":{"start":{"line":151,"column":2},"end":{"line":151,"column":null}},"21":{"start":{"line":153,"column":2},"end":{"line":153,"column":null}},"22":{"start":{"line":160,"column":14},"end":{"line":162,"column":null}},"23":{"start":{"line":164,"column":2},"end":{"line":164,"column":null}},"24":{"start":{"line":166,"column":2},"end":{"line":166,"column":null}},"25":{"start":{"line":173,"column":2},"end":{"line":175,"column":null}},"26":{"start":{"line":177,"column":14},"end":{"line":179,"column":null}},"27":{"start":{"line":181,"column":2},"end":{"line":181,"column":null}},"28":{"start":{"line":183,"column":2},"end":{"line":183,"column":null}}},"fnMap":{"0":{"name":"login","decl":{"start":{"line":58,"column":15},"end":{"line":58,"column":21}},"loc":{"start":{"line":58,"column":56},"end":{"line":68,"column":null}},"line":58},"1":{"name":"logout","decl":{"start":{"line":75,"column":15},"end":{"line":75,"column":24}},"loc":{"start":{"line":75,"column":24},"end":{"line":79,"column":null}},"line":75},"2":{"name":"register","decl":{"start":{"line":84,"column":15},"end":{"line":84,"column":24}},"loc":{"start":{"line":84,"column":47},"end":{"line":97,"column":null}},"line":84},"3":{"name":"confirmRegistration","decl":{"start":{"line":102,"column":15},"end":{"line":102,"column":35}},"loc":{"start":{"line":102,"column":69},"end":{"line":114,"column":null}},"line":102},"4":{"name":"ResendRegistration","decl":{"start":{"line":119,"column":15},"end":{"line":119,"column":34}},"loc":{"start":{"line":119,"column":67},"end":{"line":127,"column":null}},"line":119},"5":{"name":"expireToken","decl":{"start":{"line":132,"column":15},"end":{"line":132,"column":27}},"loc":{"start":{"line":132,"column":57},"end":{"line":141,"column":null}},"line":132},"6":{"name":"ForgotPassword","decl":{"start":{"line":146,"column":15},"end":{"line":146,"column":30}},"loc":{"start":{"line":146,"column":59},"end":{"line":154,"column":null}},"line":146},"7":{"name":"ResetPassword","decl":{"start":{"line":159,"column":15},"end":{"line":159,"column":29}},"loc":{"start":{"line":159,"column":57},"end":{"line":167,"column":null}},"line":159},"8":{"name":"confirmUpdateMail","decl":{"start":{"line":172,"column":15},"end":{"line":172,"column":33}},"loc":{"start":{"line":172,"column":65},"end":{"line":184,"column":null}},"line":172}},"branchMap":{"0":{"loc":{"start":{"line":86,"column":2},"end":{"line":88,"column":null}},"type":"if","locations":[{"start":{"line":86,"column":2},"end":{"line":88,"column":null}},{"start":{},"end":{}}],"line":86},"1":{"loc":{"start":{"line":86,"column":6},"end":{"line":86,"column":55}},"type":"binary-expr","locations":[{"start":{"line":86,"column":6},"end":{"line":86,"column":24}},{"start":{"line":86,"column":24},"end":{"line":86,"column":39}},{"start":{"line":86,"column":39},"end":{"line":86,"column":55}}],"line":86}},"s":{"0":5,"1":5,"2":5,"3":0,"4":0,"5":0,"6":0,"7":0,"8":0,"9":0,"10":0,"11":0,"12":0,"13":0,"14":0,"15":0,"16":0,"17":0,"18":0,"19":0,"20":0,"21":0,"22":0,"23":0,"24":0,"25":0,"26":0,"27":0,"28":0},"f":{"0":5,"1":0,"2":0,"3":0,"4":0,"5":0,"6":0,"7":0,"8":0},"b":{"0":[0,0],"1":[0,0,0]},"meta":{"lastBranch":2,"lastFunction":9,"lastStatement":29,"seen":{"f:58:15:58:21":0,"s:59:14:64:Infinity":0,"s:66:2:66:Infinity":1,"s:67:2:67:Infinity":2,"f:75:15:75:24":1,"s:76:14:76:Infinity":3,"s:78:2:78:Infinity":4,"f:84:15:84:24":2,"b:86:2:88:Infinity:undefined:undefined:undefined:undefined":0,"s:86:2:88:Infinity":5,"b:86:6:86:24:86:24:86:39:86:39:86:55":1,"s:87:4:87:Infinity":6,"s:90:14:92:Infinity":7,"s:94:2:94:Infinity":8,"s:96:2:96:Infinity":9,"f:102:15:102:35":3,"s:103:14:109:Infinity":10,"s:111:2:111:Infinity":11,"s:113:2:113:Infinity":12,"f:119:15:119:34":4,"s:120:14:122:Infinity":13,"s:124:2:124:Infinity":14,"s:126:2:126:Infinity":15,"f:132:15:132:27":5,"s:133:14:136:Infinity":16,"s:138:2:138:Infinity":17,"s:140:2:140:Infinity":18,"f:146:15:146:30":6,"s:147:14:149:Infinity":19,"s:151:2:151:Infinity":20,"s:153:2:153:Infinity":21,"f:159:15:159:29":7,"s:160:14:162:Infinity":22,"s:164:2:164:Infinity":23,"s:166:2:166:Infinity":24,"f:172:15:172:33":8,"s:173:2:175:Infinity":25,"s:177:14:179:Infinity":26,"s:181:2:181:Infinity":27,"s:183:2:183:Infinity":28},"fnNames":{}}}
,"/home/christian/SkoreFlow_Project/SkoreFlow/testauto/backend/helpers/composer.ts": {"path":"/home/christian/SkoreFlow_Project/SkoreFlow/testauto/backend/helpers/composer.ts","statementMap":{"0":{"start":{"line":21,"column":2},"end":{"line":23,"column":null}},"1":{"start":{"line":22,"column":4},"end":{"line":22,"column":null}},"2":{"start":{"line":25,"column":15},"end":{"line":25,"column":null}},"3":{"start":{"line":27,"column":2},"end":{"line":27,"column":null}},"4":{"start":{"line":28,"column":2},"end":{"line":28,"column":null}},"5":{"start":{"line":30,"column":2},"end":{"line":32,"column":null}},"6":{"start":{"line":31,"column":4},"end":{"line":31,"column":null}},"7":{"start":{"line":34,"column":2},"end":{"line":36,"column":null}},"8":{"start":{"line":35,"column":4},"end":{"line":35,"column":null}},"9":{"start":{"line":45,"column":14},"end":{"line":49,"column":null}},"10":{"start":{"line":51,"column":2},"end":{"line":51,"column":null}},"11":{"start":{"line":53,"column":2},"end":{"line":53,"column":null}},"12":{"start":{"line":67,"column":17},"end":{"line":67,"column":null}},"13":{"start":{"line":69,"column":2},"end":{"line":69,"column":null}},"14":{"start":{"line":69,"column":26},"end":{"line":69,"column":null}},"15":{"start":{"line":70,"column":2},"end":{"line":70,"column":null}},"16":{"start":{"line":70,"column":27},"end":{"line":70,"column":null}},"17":{"start":{"line":71,"column":2},"end":{"line":71,"column":null}},"18":{"start":{"line":71,"column":12},"end":{"line":71,"column":null}},"19":{"start":{"line":73,"column":14},"end":{"line":73,"column":null}},"20":{"start":{"line":75,"column":14},"end":{"line":77,"column":null}},"21":{"start":{"line":79,"column":2},"end":{"line":79,"column":null}},"22":{"start":{"line":80,"column":2},"end":{"line":80,"column":null}},"23":{"start":{"line":82,"column":2},"end":{"line":82,"column":null}},"24":{"start":{"line":89,"column":14},"end":{"line":91,"column":null}},"25":{"start":{"line":93,"column":2},"end":{"line":93,"column":null}},"26":{"start":{"line":94,"column":2},"end":{"line":94,"column":null}},"27":{"start":{"line":100,"column":14},"end":{"line":102,"column":null}},"28":{"start":{"line":104,"column":2},"end":{"line":104,"column":null}},"29":{"start":{"line":105,"column":2},"end":{"line":105,"column":null}},"30":{"start":{"line":106,"column":2},"end":{"line":106,"column":null}},"31":{"start":{"line":118,"column":15},"end":{"line":118,"column":null}},"32":{"start":{"line":120,"column":2},"end":{"line":122,"column":null}},"33":{"start":{"line":121,"column":4},"end":{"line":121,"column":null}},"34":{"start":{"line":124,"column":2},"end":{"line":126,"column":null}},"35":{"start":{"line":125,"column":4},"end":{"line":125,"column":null}},"36":{"start":{"line":128,"column":2},"end":{"line":130,"column":null}},"37":{"start":{"line":129,"column":4},"end":{"line":129,"column":null}},"38":{"start":{"line":132,"column":2},"end":{"line":134,"column":null}},"39":{"start":{"line":133,"column":4},"end":{"line":133,"column":null}},"40":{"start":{"line":136,"column":2},"end":{"line":146,"column":null}},"41":{"start":{"line":155,"column":14},"end":{"line":159,"column":null}},"42":{"start":{"line":161,"column":2},"end":{"line":161,"column":null}},"43":{"start":{"line":163,"column":2},"end":{"line":163,"column":null}}},"fnMap":{"0":{"name":"createComposer","decl":{"start":{"line":20,"column":15},"end":{"line":20,"column":30}},"loc":{"start":{"line":20,"column":116},"end":{"line":54,"column":null}},"line":20},"1":{"name":"GetComposersPage","decl":{"start":{"line":63,"column":15},"end":{"line":63,"column":null}},"loc":{"start":{"line":66,"column":2},"end":{"line":83,"column":null}},"line":66},"2":{"name":"GetComposer","decl":{"start":{"line":88,"column":15},"end":{"line":88,"column":27}},"loc":{"start":{"line":88,"column":62},"end":{"line":95,"column":null}},"line":88},"3":{"name":"getComposersByName","decl":{"start":{"line":99,"column":15},"end":{"line":99,"column":34}},"loc":{"start":{"line":99,"column":71},"end":{"line":107,"column":null}},"line":99},"4":{"name":"updateComposer","decl":{"start":{"line":112,"column":15},"end":{"line":112,"column":null}},"loc":{"start":{"line":117,"column":2},"end":{"line":164,"column":null}},"line":117}},"branchMap":{"0":{"loc":{"start":{"line":21,"column":2},"end":{"line":23,"column":null}},"type":"if","locations":[{"start":{"line":21,"column":2},"end":{"line":23,"column":null}},{"start":{},"end":{}}],"line":21},"1":{"loc":{"start":{"line":30,"column":2},"end":{"line":32,"column":null}},"type":"if","locations":[{"start":{"line":30,"column":2},"end":{"line":32,"column":null}},{"start":{},"end":{}}],"line":30},"2":{"loc":{"start":{"line":34,"column":2},"end":{"line":36,"column":null}},"type":"if","locations":[{"start":{"line":34,"column":2},"end":{"line":36,"column":null}},{"start":{},"end":{}}],"line":34},"3":{"loc":{"start":{"line":64,"column":2},"end":{"line":64,"column":null}},"type":"default-arg","locations":[{"start":{"line":64,"column":71},"end":{"line":64,"column":null}}],"line":64},"4":{"loc":{"start":{"line":64,"column":4},"end":{"line":64,"column":14}},"type":"default-arg","locations":[{"start":{"line":64,"column":11},"end":{"line":64,"column":14}}],"line":64},"5":{"loc":{"start":{"line":64,"column":14},"end":{"line":64,"column":26}},"type":"default-arg","locations":[{"start":{"line":64,"column":22},"end":{"line":64,"column":26}}],"line":64},"6":{"loc":{"start":{"line":64,"column":26},"end":{"line":64,"column":71}},"type":"default-arg","locations":[{"start":{"line":64,"column":33},"end":{"line":64,"column":71}}],"line":64},"7":{"loc":{"start":{"line":69,"column":2},"end":{"line":69,"column":null}},"type":"if","locations":[{"start":{"line":69,"column":2},"end":{"line":69,"column":null}},{"start":{},"end":{}}],"line":69},"8":{"loc":{"start":{"line":70,"column":2},"end":{"line":70,"column":null}},"type":"if","locations":[{"start":{"line":70,"column":2},"end":{"line":70,"column":null}},{"start":{},"end":{}}],"line":70},"9":{"loc":{"start":{"line":71,"column":2},"end":{"line":71,"column":null}},"type":"if","locations":[{"start":{"line":71,"column":2},"end":{"line":71,"column":null}},{"start":{},"end":{}}],"line":71},"10":{"loc":{"start":{"line":73,"column":14},"end":{"line":73,"column":null}},"type":"cond-expr","locations":[{"start":{"line":73,"column":45},"end":{"line":73,"column":91}},{"start":{"line":73,"column":91},"end":{"line":73,"column":null}}],"line":73},"11":{"loc":{"start":{"line":120,"column":2},"end":{"line":122,"column":null}},"type":"if","locations":[{"start":{"line":120,"column":2},"end":{"line":122,"column":null}},{"start":{},"end":{}}],"line":120},"12":{"loc":{"start":{"line":124,"column":2},"end":{"line":126,"column":null}},"type":"if","locations":[{"start":{"line":124,"column":2},"end":{"line":126,"column":null}},{"start":{},"end":{}}],"line":124},"13":{"loc":{"start":{"line":128,"column":2},"end":{"line":130,"column":null}},"type":"if","locations":[{"start":{"line":128,"column":2},"end":{"line":130,"column":null}},{"start":{},"end":{}}],"line":128},"14":{"loc":{"start":{"line":132,"column":2},"end":{"line":134,"column":null}},"type":"if","locations":[{"start":{"line":132,"column":2},"end":{"line":134,"column":null}},{"start":{},"end":{}}],"line":132}},"s":{"0":0,"1":0,"2":0,"3":0,"4":0,"5":0,"6":0,"7":0,"8":0,"9":0,"10":0,"11":0,"12":0,"13":0,"14":0,"15":0,"16":0,"17":0,"18":0,"19":0,"20":0,"21":0,"22":0,"23":0,"24":0,"25":0,"26":0,"27":1,"28":1,"29":1,"30":1,"31":0,"32":0,"33":0,"34":0,"35":0,"36":0,"37":0,"38":0,"39":0,"40":0,"41":0,"42":0,"43":0},"f":{"0":0,"1":0,"2":0,"3":1,"4":0},"b":{"0":[0,0],"1":[0,0],"2":[0,0],"3":[0],"4":[0],"5":[0],"6":[0],"7":[0,0],"8":[0,0],"9":[0,0],"10":[0,0],"11":[0,0],"12":[0,0],"13":[0,0],"14":[0,0]},"meta":{"lastBranch":15,"lastFunction":5,"lastStatement":44,"seen":{"f:20:15:20:30":0,"b:21:2:23:Infinity:undefined:undefined:undefined:undefined":0,"s:21:2:23:Infinity":0,"s:22:4:22:Infinity":1,"s:25:15:25:Infinity":2,"s:27:2:27:Infinity":3,"s:28:2:28:Infinity":4,"b:30:2:32:Infinity:undefined:undefined:undefined:undefined":1,"s:30:2:32:Infinity":5,"s:31:4:31:Infinity":6,"b:34:2:36:Infinity:undefined:undefined:undefined:undefined":2,"s:34:2:36:Infinity":7,"s:35:4:35:Infinity":8,"s:45:14:49:Infinity":9,"s:51:2:51:Infinity":10,"s:53:2:53:Infinity":11,"f:63:15:63:Infinity":1,"b:64:71:64:Infinity":3,"b:64:11:64:14":4,"b:64:22:64:26":5,"b:64:33:64:71":6,"s:67:17:67:Infinity":12,"b:69:2:69:Infinity:undefined:undefined:undefined:undefined":7,"s:69:2:69:Infinity":13,"s:69:26:69:Infinity":14,"b:70:2:70:Infinity:undefined:undefined:undefined:undefined":8,"s:70:2:70:Infinity":15,"s:70:27:70:Infinity":16,"b:71:2:71:Infinity:undefined:undefined:undefined:undefined":9,"s:71:2:71:Infinity":17,"s:71:12:71:Infinity":18,"s:73:14:73:Infinity":19,"b:73:45:73:91:73:91:73:Infinity":10,"s:75:14:77:Infinity":20,"s:79:2:79:Infinity":21,"s:80:2:80:Infinity":22,"s:82:2:82:Infinity":23,"f:88:15:88:27":2,"s:89:14:91:Infinity":24,"s:93:2:93:Infinity":25,"s:94:2:94:Infinity":26,"f:99:15:99:34":3,"s:100:14:102:Infinity":27,"s:104:2:104:Infinity":28,"s:105:2:105:Infinity":29,"s:106:2:106:Infinity":30,"f:112:15:112:Infinity":4,"s:118:15:118:Infinity":31,"b:120:2:122:Infinity:undefined:undefined:undefined:undefined":11,"s:120:2:122:Infinity":32,"s:121:4:121:Infinity":33,"b:124:2:126:Infinity:undefined:undefined:undefined:undefined":12,"s:124:2:126:Infinity":34,"s:125:4:125:Infinity":35,"b:128:2:130:Infinity:undefined:undefined:undefined:undefined":13,"s:128:2:130:Infinity":36,"s:129:4:129:Infinity":37,"b:132:2:134:Infinity:undefined:undefined:undefined:undefined":14,"s:132:2:134:Infinity":38,"s:133:4:133:Infinity":39,"s:136:2:146:Infinity":40,"s:155:14:159:Infinity":41,"s:161:2:161:Infinity":42,"s:163:2:163:Infinity":43},"fnNames":{}}}
,"/home/christian/SkoreFlow_Project/SkoreFlow/testauto/backend/helpers/score.ts": {"path":"/home/christian/SkoreFlow_Project/SkoreFlow/testauto/backend/helpers/score.ts","statementMap":{"0":{"start":{"line":37,"column":2},"end":{"line":39,"column":null}},"1":{"start":{"line":38,"column":4},"end":{"line":38,"column":null}},"2":{"start":{"line":41,"column":2},"end":{"line":43,"column":null}},"3":{"start":{"line":42,"column":4},"end":{"line":42,"column":null}},"4":{"start":{"line":45,"column":2},"end":{"line":47,"column":null}},"5":{"start":{"line":46,"column":4},"end":{"line":46,"column":null}},"6":{"start":{"line":49,"column":15},"end":{"line":49,"column":null}},"7":{"start":{"line":51,"column":2},"end":{"line":51,"column":null}},"8":{"start":{"line":52,"column":2},"end":{"line":52,"column":null}},"9":{"start":{"line":54,"column":2},"end":{"line":56,"column":null}},"10":{"start":{"line":55,"column":4},"end":{"line":55,"column":null}},"11":{"start":{"line":58,"column":2},"end":{"line":60,"column":null}},"12":{"start":{"line":59,"column":4},"end":{"line":59,"column":null}},"13":{"start":{"line":62,"column":2},"end":{"line":64,"column":null}},"14":{"start":{"line":63,"column":4},"end":{"line":63,"column":null}},"15":{"start":{"line":66,"column":2},"end":{"line":68,"column":null}},"16":{"start":{"line":67,"column":4},"end":{"line":67,"column":null}},"17":{"start":{"line":70,"column":2},"end":{"line":72,"column":null}},"18":{"start":{"line":71,"column":4},"end":{"line":71,"column":null}},"19":{"start":{"line":76,"column":2},"end":{"line":78,"column":null}},"20":{"start":{"line":77,"column":4},"end":{"line":77,"column":null}},"21":{"start":{"line":80,"column":14},"end":{"line":84,"column":null}},"22":{"start":{"line":86,"column":2},"end":{"line":86,"column":null}},"23":{"start":{"line":88,"column":2},"end":{"line":88,"column":null}},"24":{"start":{"line":102,"column":17},"end":{"line":102,"column":null}},"25":{"start":{"line":104,"column":2},"end":{"line":104,"column":null}},"26":{"start":{"line":104,"column":26},"end":{"line":104,"column":null}},"27":{"start":{"line":105,"column":2},"end":{"line":105,"column":null}},"28":{"start":{"line":105,"column":27},"end":{"line":105,"column":null}},"29":{"start":{"line":106,"column":2},"end":{"line":106,"column":null}},"30":{"start":{"line":106,"column":12},"end":{"line":106,"column":null}},"31":{"start":{"line":107,"column":2},"end":{"line":107,"column":null}},"32":{"start":{"line":107,"column":14},"end":{"line":107,"column":null}},"33":{"start":{"line":108,"column":2},"end":{"line":108,"column":null}},"34":{"start":{"line":108,"column":16},"end":{"line":108,"column":null}},"35":{"start":{"line":109,"column":2},"end":{"line":109,"column":null}},"36":{"start":{"line":109,"column":11},"end":{"line":109,"column":null}},"37":{"start":{"line":110,"column":2},"end":{"line":110,"column":null}},"38":{"start":{"line":110,"column":16},"end":{"line":110,"column":null}},"39":{"start":{"line":112,"column":14},"end":{"line":112,"column":null}},"40":{"start":{"line":114,"column":14},"end":{"line":116,"column":null}},"41":{"start":{"line":118,"column":2},"end":{"line":118,"column":null}},"42":{"start":{"line":121,"column":2},"end":{"line":121,"column":null}},"43":{"start":{"line":123,"column":2},"end":{"line":123,"column":null}},"44":{"start":{"line":132,"column":14},"end":{"line":134,"column":null}},"45":{"start":{"line":136,"column":2},"end":{"line":136,"column":null}},"46":{"start":{"line":139,"column":2},"end":{"line":139,"column":null}},"47":{"start":{"line":141,"column":2},"end":{"line":141,"column":null}},"48":{"start":{"line":148,"column":14},"end":{"line":150,"column":null}},"49":{"start":{"line":152,"column":2},"end":{"line":152,"column":null}},"50":{"start":{"line":153,"column":2},"end":{"line":153,"column":null}},"51":{"start":{"line":155,"column":2},"end":{"line":155,"column":null}},"52":{"start":{"line":167,"column":2},"end":{"line":169,"column":null}},"53":{"start":{"line":168,"column":4},"end":{"line":168,"column":null}},"54":{"start":{"line":171,"column":2},"end":{"line":173,"column":null}},"55":{"start":{"line":172,"column":4},"end":{"line":172,"column":null}},"56":{"start":{"line":175,"column":15},"end":{"line":175,"column":null}},"57":{"start":{"line":177,"column":2},"end":{"line":179,"column":null}},"58":{"start":{"line":178,"column":4},"end":{"line":178,"column":null}},"59":{"start":{"line":181,"column":2},"end":{"line":183,"column":null}},"60":{"start":{"line":182,"column":4},"end":{"line":182,"column":null}},"61":{"start":{"line":185,"column":2},"end":{"line":187,"column":null}},"62":{"start":{"line":186,"column":4},"end":{"line":186,"column":null}},"63":{"start":{"line":189,"column":2},"end":{"line":191,"column":null}},"64":{"start":{"line":190,"column":4},"end":{"line":190,"column":null}},"65":{"start":{"line":193,"column":2},"end":{"line":195,"column":null}},"66":{"start":{"line":194,"column":4},"end":{"line":194,"column":null}},"67":{"start":{"line":197,"column":2},"end":{"line":199,"column":null}},"68":{"start":{"line":198,"column":4},"end":{"line":198,"column":null}},"69":{"start":{"line":201,"column":2},"end":{"line":203,"column":null}},"70":{"start":{"line":202,"column":4},"end":{"line":202,"column":null}},"71":{"start":{"line":205,"column":14},"end":{"line":209,"column":null}},"72":{"start":{"line":211,"column":2},"end":{"line":211,"column":null}},"73":{"start":{"line":212,"column":2},"end":{"line":212,"column":null}},"74":{"start":{"line":214,"column":2},"end":{"line":214,"column":null}},"75":{"start":{"line":223,"column":14},"end":{"line":228,"column":null}},"76":{"start":{"line":230,"column":2},"end":{"line":230,"column":null}},"77":{"start":{"line":231,"column":2},"end":{"line":231,"column":null}},"78":{"start":{"line":233,"column":2},"end":{"line":233,"column":null}}},"fnMap":{"0":{"name":"createScore","decl":{"start":{"line":32,"column":15},"end":{"line":32,"column":null}},"loc":{"start":{"line":36,"column":2},"end":{"line":89,"column":null}},"line":36},"1":{"name":"GetScoresPage","decl":{"start":{"line":98,"column":15},"end":{"line":98,"column":null}},"loc":{"start":{"line":101,"column":2},"end":{"line":124,"column":null}},"line":101},"2":{"name":"GetScore","decl":{"start":{"line":131,"column":15},"end":{"line":131,"column":24}},"loc":{"start":{"line":131,"column":69},"end":{"line":142,"column":null}},"line":131},"3":{"name":"DeleteScore","decl":{"start":{"line":147,"column":15},"end":{"line":147,"column":27}},"loc":{"start":{"line":147,"column":75},"end":{"line":156,"column":null}},"line":147},"4":{"name":"UpdateScore","decl":{"start":{"line":161,"column":15},"end":{"line":161,"column":null}},"loc":{"start":{"line":166,"column":2},"end":{"line":215,"column":null}},"line":166},"5":{"name":"UpdateScoreAnnotations","decl":{"start":{"line":221,"column":15},"end":{"line":221,"column":38}},"loc":{"start":{"line":221,"column":109},"end":{"line":234,"column":null}},"line":221}},"branchMap":{"0":{"loc":{"start":{"line":37,"column":2},"end":{"line":39,"column":null}},"type":"if","locations":[{"start":{"line":37,"column":2},"end":{"line":39,"column":null}},{"start":{},"end":{}}],"line":37},"1":{"loc":{"start":{"line":41,"column":2},"end":{"line":43,"column":null}},"type":"if","locations":[{"start":{"line":41,"column":2},"end":{"line":43,"column":null}},{"start":{},"end":{}}],"line":41},"2":{"loc":{"start":{"line":41,"column":6},"end":{"line":41,"column":56}},"type":"binary-expr","locations":[{"start":{"line":41,"column":6},"end":{"line":41,"column":39}},{"start":{"line":41,"column":39},"end":{"line":41,"column":56}}],"line":41},"3":{"loc":{"start":{"line":45,"column":2},"end":{"line":47,"column":null}},"type":"if","locations":[{"start":{"line":45,"column":2},"end":{"line":47,"column":null}},{"start":{},"end":{}}],"line":45},"4":{"loc":{"start":{"line":54,"column":2},"end":{"line":56,"column":null}},"type":"if","locations":[{"start":{"line":54,"column":2},"end":{"line":56,"column":null}},{"start":{},"end":{}}],"line":54},"5":{"loc":{"start":{"line":58,"column":2},"end":{"line":60,"column":null}},"type":"if","locations":[{"start":{"line":58,"column":2},"end":{"line":60,"column":null}},{"start":{},"end":{}}],"line":58},"6":{"loc":{"start":{"line":62,"column":2},"end":{"line":64,"column":null}},"type":"if","locations":[{"start":{"line":62,"column":2},"end":{"line":64,"column":null}},{"start":{},"end":{}}],"line":62},"7":{"loc":{"start":{"line":66,"column":2},"end":{"line":68,"column":null}},"type":"if","locations":[{"start":{"line":66,"column":2},"end":{"line":68,"column":null}},{"start":{},"end":{}}],"line":66},"8":{"loc":{"start":{"line":70,"column":2},"end":{"line":72,"column":null}},"type":"if","locations":[{"start":{"line":70,"column":2},"end":{"line":72,"column":null}},{"start":{},"end":{}}],"line":70},"9":{"loc":{"start":{"line":76,"column":2},"end":{"line":78,"column":null}},"type":"if","locations":[{"start":{"line":76,"column":2},"end":{"line":78,"column":null}},{"start":{},"end":{}}],"line":76},"10":{"loc":{"start":{"line":99,"column":2},"end":{"line":99,"column":null}},"type":"default-arg","locations":[{"start":{"line":99,"column":101},"end":{"line":99,"column":null}}],"line":99},"11":{"loc":{"start":{"line":99,"column":4},"end":{"line":99,"column":14}},"type":"default-arg","locations":[{"start":{"line":99,"column":11},"end":{"line":99,"column":14}}],"line":99},"12":{"loc":{"start":{"line":99,"column":14},"end":{"line":99,"column":26}},"type":"default-arg","locations":[{"start":{"line":99,"column":22},"end":{"line":99,"column":26}}],"line":99},"13":{"loc":{"start":{"line":99,"column":26},"end":{"line":99,"column":43}},"type":"default-arg","locations":[{"start":{"line":99,"column":33},"end":{"line":99,"column":43}}],"line":99},"14":{"loc":{"start":{"line":104,"column":2},"end":{"line":104,"column":null}},"type":"if","locations":[{"start":{"line":104,"column":2},"end":{"line":104,"column":null}},{"start":{},"end":{}}],"line":104},"15":{"loc":{"start":{"line":105,"column":2},"end":{"line":105,"column":null}},"type":"if","locations":[{"start":{"line":105,"column":2},"end":{"line":105,"column":null}},{"start":{},"end":{}}],"line":105},"16":{"loc":{"start":{"line":106,"column":2},"end":{"line":106,"column":null}},"type":"if","locations":[{"start":{"line":106,"column":2},"end":{"line":106,"column":null}},{"start":{},"end":{}}],"line":106},"17":{"loc":{"start":{"line":107,"column":2},"end":{"line":107,"column":null}},"type":"if","locations":[{"start":{"line":107,"column":2},"end":{"line":107,"column":null}},{"start":{},"end":{}}],"line":107},"18":{"loc":{"start":{"line":108,"column":2},"end":{"line":108,"column":null}},"type":"if","locations":[{"start":{"line":108,"column":2},"end":{"line":108,"column":null}},{"start":{},"end":{}}],"line":108},"19":{"loc":{"start":{"line":109,"column":2},"end":{"line":109,"column":null}},"type":"if","locations":[{"start":{"line":109,"column":2},"end":{"line":109,"column":null}},{"start":{},"end":{}}],"line":109},"20":{"loc":{"start":{"line":110,"column":2},"end":{"line":110,"column":null}},"type":"if","locations":[{"start":{"line":110,"column":2},"end":{"line":110,"column":null}},{"start":{},"end":{}}],"line":110},"21":{"loc":{"start":{"line":112,"column":14},"end":{"line":112,"column":null}},"type":"cond-expr","locations":[{"start":{"line":112,"column":45},"end":{"line":112,"column":88}},{"start":{"line":112,"column":88},"end":{"line":112,"column":null}}],"line":112},"22":{"loc":{"start":{"line":167,"column":2},"end":{"line":169,"column":null}},"type":"if","locations":[{"start":{"line":167,"column":2},"end":{"line":169,"column":null}},{"start":{},"end":{}}],"line":167},"23":{"loc":{"start":{"line":171,"column":2},"end":{"line":173,"column":null}},"type":"if","locations":[{"start":{"line":171,"column":2},"end":{"line":173,"column":null}},{"start":{},"end":{}}],"line":171},"24":{"loc":{"start":{"line":171,"column":6},"end":{"line":171,"column":50}},"type":"binary-expr","locations":[{"start":{"line":171,"column":6},"end":{"line":171,"column":36}},{"start":{"line":171,"column":36},"end":{"line":171,"column":50}}],"line":171},"25":{"loc":{"start":{"line":177,"column":2},"end":{"line":179,"column":null}},"type":"if","locations":[{"start":{"line":177,"column":2},"end":{"line":179,"column":null}},{"start":{},"end":{}}],"line":177},"26":{"loc":{"start":{"line":181,"column":2},"end":{"line":183,"column":null}},"type":"if","locations":[{"start":{"line":181,"column":2},"end":{"line":183,"column":null}},{"start":{},"end":{}}],"line":181},"27":{"loc":{"start":{"line":185,"column":2},"end":{"line":187,"column":null}},"type":"if","locations":[{"start":{"line":185,"column":2},"end":{"line":187,"column":null}},{"start":{},"end":{}}],"line":185},"28":{"loc":{"start":{"line":189,"column":2},"end":{"line":191,"column":null}},"type":"if","locations":[{"start":{"line":189,"column":2},"end":{"line":191,"column":null}},{"start":{},"end":{}}],"line":189},"29":{"loc":{"start":{"line":193,"column":2},"end":{"line":195,"column":null}},"type":"if","locations":[{"start":{"line":193,"column":2},"end":{"line":195,"column":null}},{"start":{},"end":{}}],"line":193},"30":{"loc":{"start":{"line":197,"column":2},"end":{"line":199,"column":null}},"type":"if","locations":[{"start":{"line":197,"column":2},"end":{"line":199,"column":null}},{"start":{},"end":{}}],"line":197},"31":{"loc":{"start":{"line":201,"column":2},"end":{"line":203,"column":null}},"type":"if","locations":[{"start":{"line":201,"column":2},"end":{"line":203,"column":null}},{"start":{},"end":{}}],"line":201}},"s":{"0":1,"1":0,"2":1,"3":0,"4":1,"5":0,"6":1,"7":1,"8":1,"9":1,"10":1,"11":1,"12":1,"13":1,"14":1,"15":1,"16":1,"17":1,"18":1,"19":1,"20":1,"21":1,"22":1,"23":1,"24":3,"25":3,"26":3,"27":3,"28":3,"29":3,"30":3,"31":3,"32":3,"33":3,"34":0,"35":3,"36":0,"37":3,"38":0,"39":3,"40":3,"41":3,"42":3,"43":3,"44":0,"45":0,"46":0,"47":0,"48":1,"49":1,"50":1,"51":1,"52":0,"53":0,"54":0,"55":0,"56":0,"57":0,"58":0,"59":0,"60":0,"61":0,"62":0,"63":0,"64":0,"65":0,"66":0,"67":0,"68":0,"69":0,"70":0,"71":0,"72":0,"73":0,"74":0,"75":0,"76":0,"77":0,"78":0},"f":{"0":1,"1":3,"2":0,"3":1,"4":0,"5":0},"b":{"0":[0,1],"1":[0,1],"2":[1,1],"3":[0,1],"4":[1,0],"5":[1,0],"6":[1,0],"7":[1,0],"8":[1,0],"9":[1,0],"10":[3],"11":[3],"12":[3],"13":[3],"14":[3,0],"15":[3,0],"16":[3,0],"17":[3,0],"18":[0,3],"19":[0,3],"20":[0,3],"21":[3,0],"22":[0,0],"23":[0,0],"24":[0,0],"25":[0,0],"26":[0,0],"27":[0,0],"28":[0,0],"29":[0,0],"30":[0,0],"31":[0,0]},"meta":{"lastBranch":32,"lastFunction":6,"lastStatement":79,"seen":{"f:32:15:32:Infinity":0,"b:37:2:39:Infinity:undefined:undefined:undefined:undefined":0,"s:37:2:39:Infinity":0,"s:38:4:38:Infinity":1,"b:41:2:43:Infinity:undefined:undefined:undefined:undefined":1,"s:41:2:43:Infinity":2,"b:41:6:41:39:41:39:41:56":2,"s:42:4:42:Infinity":3,"b:45:2:47:Infinity:undefined:undefined:undefined:undefined":3,"s:45:2:47:Infinity":4,"s:46:4:46:Infinity":5,"s:49:15:49:Infinity":6,"s:51:2:51:Infinity":7,"s:52:2:52:Infinity":8,"b:54:2:56:Infinity:undefined:undefined:undefined:undefined":4,"s:54:2:56:Infinity":9,"s:55:4:55:Infinity":10,"b:58:2:60:Infinity:undefined:undefined:undefined:undefined":5,"s:58:2:60:Infinity":11,"s:59:4:59:Infinity":12,"b:62:2:64:Infinity:undefined:undefined:undefined:undefined":6,"s:62:2:64:Infinity":13,"s:63:4:63:Infinity":14,"b:66:2:68:Infinity:undefined:undefined:undefined:undefined":7,"s:66:2:68:Infinity":15,"s:67:4:67:Infinity":16,"b:70:2:72:Infinity:undefined:undefined:undefined:undefined":8,"s:70:2:72:Infinity":17,"s:71:4:71:Infinity":18,"b:76:2:78:Infinity:undefined:undefined:undefined:undefined":9,"s:76:2:78:Infinity":19,"s:77:4:77:Infinity":20,"s:80:14:84:Infinity":21,"s:86:2:86:Infinity":22,"s:88:2:88:Infinity":23,"f:98:15:98:Infinity":1,"b:99:101:99:Infinity":10,"b:99:11:99:14":11,"b:99:22:99:26":12,"b:99:33:99:43":13,"s:102:17:102:Infinity":24,"b:104:2:104:Infinity:undefined:undefined:undefined:undefined":14,"s:104:2:104:Infinity":25,"s:104:26:104:Infinity":26,"b:105:2:105:Infinity:undefined:undefined:undefined:undefined":15,"s:105:2:105:Infinity":27,"s:105:27:105:Infinity":28,"b:106:2:106:Infinity:undefined:undefined:undefined:undefined":16,"s:106:2:106:Infinity":29,"s:106:12:106:Infinity":30,"b:107:2:107:Infinity:undefined:undefined:undefined:undefined":17,"s:107:2:107:Infinity":31,"s:107:14:107:Infinity":32,"b:108:2:108:Infinity:undefined:undefined:undefined:undefined":18,"s:108:2:108:Infinity":33,"s:108:16:108:Infinity":34,"b:109:2:109:Infinity:undefined:undefined:undefined:undefined":19,"s:109:2:109:Infinity":35,"s:109:11:109:Infinity":36,"b:110:2:110:Infinity:undefined:undefined:undefined:undefined":20,"s:110:2:110:Infinity":37,"s:110:16:110:Infinity":38,"s:112:14:112:Infinity":39,"b:112:45:112:88:112:88:112:Infinity":21,"s:114:14:116:Infinity":40,"s:118:2:118:Infinity":41,"s:121:2:121:Infinity":42,"s:123:2:123:Infinity":43,"f:131:15:131:24":2,"s:132:14:134:Infinity":44,"s:136:2:136:Infinity":45,"s:139:2:139:Infinity":46,"s:141:2:141:Infinity":47,"f:147:15:147:27":3,"s:148:14:150:Infinity":48,"s:152:2:152:Infinity":49,"s:153:2:153:Infinity":50,"s:155:2:155:Infinity":51,"f:161:15:161:Infinity":4,"b:167:2:169:Infinity:undefined:undefined:undefined:undefined":22,"s:167:2:169:Infinity":52,"s:168:4:168:Infinity":53,"b:171:2:173:Infinity:undefined:undefined:undefined:undefined":23,"s:171:2:173:Infinity":54,"b:171:6:171:36:171:36:171:50":24,"s:172:4:172:Infinity":55,"s:175:15:175:Infinity":56,"b:177:2:179:Infinity:undefined:undefined:undefined:undefined":25,"s:177:2:179:Infinity":57,"s:178:4:178:Infinity":58,"b:181:2:183:Infinity:undefined:undefined:undefined:undefined":26,"s:181:2:183:Infinity":59,"s:182:4:182:Infinity":60,"b:185:2:187:Infinity:undefined:undefined:undefined:undefined":27,"s:185:2:187:Infinity":61,"s:186:4:186:Infinity":62,"b:189:2:191:Infinity:undefined:undefined:undefined:undefined":28,"s:189:2:191:Infinity":63,"s:190:4:190:Infinity":64,"b:193:2:195:Infinity:undefined:undefined:undefined:undefined":29,"s:193:2:195:Infinity":65,"s:194:4:194:Infinity":66,"b:197:2:199:Infinity:undefined:undefined:undefined:undefined":30,"s:197:2:199:Infinity":67,"s:198:4:198:Infinity":68,"b:201:2:203:Infinity:undefined:undefined:undefined:undefined":31,"s:201:2:203:Infinity":69,"s:202:4:202:Infinity":70,"s:205:14:209:Infinity":71,"s:211:2:211:Infinity":72,"s:212:2:212:Infinity":73,"s:214:2:214:Infinity":74,"f:221:15:221:38":5,"s:223:14:228:Infinity":75,"s:230:2:230:Infinity":76,"s:231:2:231:Infinity":77,"s:233:2:233:Infinity":78},"fnNames":{}}}
}
